ビルドしています...
info: Microsoft.Hosting.Lifetime[14]
      Now listening on: http://0.0.0.0:5000
info: Microsoft.Hosting.Lifetime[0]
      Application started. Press Ctrl+C to shut down.
info: Microsoft.Hosting.Lifetime[0]
      Hosting environment: Development
info: Microsoft.Hosting.Lifetime[0]
      Content root path: C:\Users\thangpv\DeviceApi
info: Microsoft.EntityFrameworkCore.Database.Command[20101]
      Executed DbCommand (29ms) [Parameters=[@__request_Username_0='?' (Size = 4000)], CommandType='Text', CommandTimeout='30']
      SELECT CASE
          WHEN EXISTS (
              SELECT 1
              FROM [admin_users] AS [a]
              WHERE [a].[username] = @__request_Username_0) THEN CAST(1 AS bit)
          ELSE CAST(0 AS bit)
      END
info: Microsoft.EntityFrameworkCore.Database.Command[20101]
      Executed DbCommand (48ms) [Parameters=[@p0='?' (DbType = DateTime2), @p1='?' (Size = 4000), @p2='?' (Size = 4000), @p3='?' (Size = 4000)], CommandType='Text', CommandTimeout='30']
      SET IMPLICIT_TRANSACTIONS OFF;
      SET NOCOUNT ON;
      INSERT INTO [admin_users] ([created_at], [password_hash], [role], [username])
      OUTPUT INSERTED.[id]
      VALUES (@p0, @p1, @p2, @p3);
info: Microsoft.EntityFrameworkCore.Database.Command[20101]
      Executed DbCommand (1ms) [Parameters=[], CommandType='Text', CommandTimeout='30']
      SELECT [d].[Id], [d].[AuthMode], [d].[CreatedAt], [d].[DeviceName], [d].[IsActive], [d].[SerialNo], [d].[UpdatedAt]
      FROM [devices] AS [d]
      ORDER BY [d].[Id] DESC
info: Microsoft.EntityFrameworkCore.Database.Command[20101]
      Executed DbCommand (10ms) [Parameters=[], CommandType='Text', CommandTimeout='30']
      SELECT [a].[id], [a].[username], CASE
          WHEN [a].[role] = N'' THEN N'admin'
          ELSE [a].[role]
      END AS [role], [a].[created_at] AS [createdAt]
      FROM [admin_users] AS [a]
      ORDER BY [a].[id]
info: Microsoft.EntityFrameworkCore.Database.Command[20101]
      Executed DbCommand (2ms) [Parameters=[@__req_SerialNo_0='?' (Size = 4000)], CommandType='Text', CommandTimeout='30']
      SELECT TOP(1) [d].[Id], [d].[AuthMode], [d].[CreatedAt], [d].[DeviceName], [d].[IsActive], [d].[SerialNo], [d].[UpdatedAt]
      FROM [devices] AS [d]
      WHERE [d].[SerialNo] = @__req_SerialNo_0
info: Microsoft.EntityFrameworkCore.Database.Command[20101]
      Executed DbCommand (1ms) [Parameters=[@__req_SerialNo_0='?' (Size = 4000)], CommandType='Text', CommandTimeout='30']
      SELECT TOP(1) [d].[Id], [d].[AuthMode], [d].[CreatedAt], [d].[DeviceName], [d].[IsActive], [d].[SerialNo], [d].[UpdatedAt]
      FROM [devices] AS [d]
      WHERE [d].[SerialNo] = @__req_SerialNo_0
info: Microsoft.EntityFrameworkCore.Database.Command[20101]
      Executed DbCommand (0ms) [Parameters=[@__req_SerialNo_0='?' (Size = 4000)], CommandType='Text', CommandTimeout='30']
      SELECT TOP(1) [d].[Id], [d].[AuthMode], [d].[CreatedAt], [d].[DeviceName], [d].[IsActive], [d].[SerialNo], [d].[UpdatedAt]
      FROM [devices] AS [d]
      WHERE [d].[SerialNo] = @__req_SerialNo_0
info: Microsoft.EntityFrameworkCore.Database.Command[20101]
      Executed DbCommand (4ms) [Parameters=[@__req_SerialNo_0='?' (Size = 4000)], CommandType='Text', CommandTimeout='30']
      SELECT TOP(1) [d].[Id], [d].[AuthMode], [d].[CreatedAt], [d].[DeviceName], [d].[IsActive], [d].[SerialNo], [d].[UpdatedAt]
      FROM [devices] AS [d]
      WHERE [d].[SerialNo] = @__req_SerialNo_0
info: Microsoft.EntityFrameworkCore.Database.Command[20101]
      Executed DbCommand (1ms) [Parameters=[], CommandType='Text', CommandTimeout='30']
      SELECT [a].[id], [a].[username], CASE
          WHEN [a].[role] = N'' THEN N'admin'
          ELSE [a].[role]
      END AS [role], [a].[created_at] AS [createdAt]
      FROM [admin_users] AS [a]
      ORDER BY [a].[id]
info: Microsoft.EntityFrameworkCore.Database.Command[20101]
      Executed DbCommand (1ms) [Parameters=[], CommandType='Text', CommandTimeout='30']
      SELECT [a].[id], [a].[username], CASE
          WHEN [a].[role] = N'' THEN N'admin'
          ELSE [a].[role]
      END AS [role], [a].[created_at] AS [createdAt]
      FROM [admin_users] AS [a]
      ORDER BY [a].[id]
info: Microsoft.EntityFrameworkCore.Database.Command[20101]
      Executed DbCommand (0ms) [Parameters=[], CommandType='Text', CommandTimeout='30']
      SELECT [a].[id], [a].[username], CASE
          WHEN [a].[role] = N'' THEN N'admin'
          ELSE [a].[role]
      END AS [role], [a].[created_at] AS [createdAt]
      FROM [admin_users] AS [a]
      ORDER BY [a].[id]
info: Microsoft.EntityFrameworkCore.Database.Command[20101]
      Executed DbCommand (1ms) [Parameters=[], CommandType='Text', CommandTimeout='30']
      SELECT [a].[id], [a].[username], CASE
          WHEN [a].[role] = N'' THEN N'admin'
          ELSE [a].[role]
      END AS [role], [a].[created_at] AS [createdAt]
      FROM [admin_users] AS [a]
      ORDER BY [a].[id]
info: Microsoft.EntityFrameworkCore.Database.Command[20101]
      Executed DbCommand (5ms) [Parameters=[], CommandType='Text', CommandTimeout='30']
      SELECT [d].[Id], [d].[AuthMode], [d].[CreatedAt], [d].[DeviceName], [d].[IsActive], [d].[SerialNo], [d].[UpdatedAt]
      FROM [devices] AS [d]
      ORDER BY [d].[Id] DESC
info: Microsoft.EntityFrameworkCore.Database.Command[20101]
      Executed DbCommand (2ms) [Parameters=[], CommandType='Text', CommandTimeout='30']
      SELECT [d].[Id], [d].[AuthMode], [d].[CreatedAt], [d].[DeviceName], [d].[IsActive], [d].[SerialNo], [d].[UpdatedAt]
      FROM [devices] AS [d]
      ORDER BY [d].[Id] DESC
info: Microsoft.EntityFrameworkCore.Database.Command[20101]
      Executed DbCommand (3ms) [Parameters=[@__serialNo_0='?' (Size = 4000)], CommandType='Text', CommandTimeout='30']
      SELECT TOP(1) [d].[Id], [d].[AuthMode], [d].[CreatedAt], [d].[DeviceName], [d].[IsActive], [d].[SerialNo], [d].[UpdatedAt]
      FROM [devices] AS [d]
      WHERE [d].[SerialNo] = @__serialNo_0
info: Microsoft.EntityFrameworkCore.Database.Command[20101]
      Executed DbCommand (6ms) [Parameters=[@p2='?' (DbType = Int32), @p0='?' (DbType = Int32), @p1='?' (DbType = DateTime2)], CommandType='Text', CommandTimeout='30']
      SET IMPLICIT_TRANSACTIONS OFF;
      SET NOCOUNT ON;
      UPDATE [devices] SET [AuthMode] = @p0, [UpdatedAt] = @p1
      OUTPUT 1
      WHERE [Id] = @p2;
info: Microsoft.EntityFrameworkCore.Database.Command[20101]
      Executed DbCommand (5ms) [Parameters=[@p0='?' (Size = 4000), @p1='?' (DbType = DateTime2), @p2='?' (Size = 4000)], CommandType='Text', CommandTimeout='30']
      SET IMPLICIT_TRANSACTIONS OFF;
      SET NOCOUNT ON;
      INSERT INTO [device_logs] ([Action], [CreatedAt], [SerialNo])
      OUTPUT INSERTED.[Id]
      VALUES (@p0, @p1, @p2);
info: Microsoft.EntityFrameworkCore.Database.Command[20101]
      Executed DbCommand (1ms) [Parameters=[], CommandType='Text', CommandTimeout='30']
      SELECT [d].[Id], [d].[AuthMode], [d].[CreatedAt], [d].[DeviceName], [d].[IsActive], [d].[SerialNo], [d].[UpdatedAt]
      FROM [devices] AS [d]
      ORDER BY [d].[Id] DESC
info: Microsoft.EntityFrameworkCore.Database.Command[20101]
      Executed DbCommand (3ms) [Parameters=[], CommandType='Text', CommandTimeout='30']
      SELECT [d].[Id], [d].[AuthMode], [d].[CreatedAt], [d].[DeviceName], [d].[IsActive], [d].[SerialNo], [d].[UpdatedAt]
      FROM [devices] AS [d]
      ORDER BY [d].[Id] DESC
info: Microsoft.EntityFrameworkCore.Database.Command[20101]
      Executed DbCommand (2ms) [Parameters=[@__serialNo_0='?' (Size = 4000)], CommandType='Text', CommandTimeout='30']
      SELECT TOP(1) [d].[Id], [d].[AuthMode], [d].[CreatedAt], [d].[DeviceName], [d].[IsActive], [d].[SerialNo], [d].[UpdatedAt]
      FROM [devices] AS [d]
      WHERE [d].[SerialNo] = @__serialNo_0
info: Microsoft.EntityFrameworkCore.Database.Command[20101]
      Executed DbCommand (4ms) [Parameters=[@p2='?' (DbType = Int32), @p0='?' (DbType = Boolean), @p1='?' (DbType = DateTime2)], CommandType='Text', CommandTimeout='30']
      SET IMPLICIT_TRANSACTIONS OFF;
      SET NOCOUNT ON;
      UPDATE [devices] SET [IsActive] = @p0, [UpdatedAt] = @p1
      OUTPUT 1
      WHERE [Id] = @p2;
info: Microsoft.EntityFrameworkCore.Database.Command[20101]
      Executed DbCommand (3ms) [Parameters=[@p0='?' (Size = 4000), @p1='?' (DbType = DateTime2), @p2='?' (Size = 4000)], CommandType='Text', CommandTimeout='30']
      SET IMPLICIT_TRANSACTIONS OFF;
      SET NOCOUNT ON;
      INSERT INTO [device_logs] ([Action], [CreatedAt], [SerialNo])
      OUTPUT INSERTED.[Id]
      VALUES (@p0, @p1, @p2);
info: Microsoft.EntityFrameworkCore.Database.Command[20101]
      Executed DbCommand (0ms) [Parameters=[], CommandType='Text', CommandTimeout='30']
      SELECT [d].[Id], [d].[AuthMode], [d].[CreatedAt], [d].[DeviceName], [d].[IsActive], [d].[SerialNo], [d].[UpdatedAt]
      FROM [devices] AS [d]
      ORDER BY [d].[Id] DESC
info: Microsoft.EntityFrameworkCore.Database.Command[20101]
      Executed DbCommand (3ms) [Parameters=[@__serialNo_0='?' (Size = 4000)], CommandType='Text', CommandTimeout='30']
      SELECT [d].[Id], [d].[Action], [d].[CreatedAt], [d].[SerialNo]
      FROM [device_logs] AS [d]
      WHERE [d].[SerialNo] = @__serialNo_0
      ORDER BY [d].[CreatedAt] DESC
info: Microsoft.EntityFrameworkCore.Database.Command[20101]
      Executed DbCommand (1ms) [Parameters=[], CommandType='Text', CommandTimeout='30']
      SELECT [d].[Id], [d].[AuthMode], [d].[CreatedAt], [d].[DeviceName], [d].[IsActive], [d].[SerialNo], [d].[UpdatedAt]
      FROM [devices] AS [d]
      ORDER BY [d].[Id] DESC
info: Microsoft.EntityFrameworkCore.Database.Command[20101]
      Executed DbCommand (0ms) [Parameters=[], CommandType='Text', CommandTimeout='30']
      SELECT [d].[Id], [d].[AuthMode], [d].[CreatedAt], [d].[DeviceName], [d].[IsActive], [d].[SerialNo], [d].[UpdatedAt]
      FROM [devices] AS [d]
      ORDER BY [d].[Id] DESC
info: Microsoft.EntityFrameworkCore.Database.Command[20101]
      Executed DbCommand (1ms) [Parameters=[], CommandType='Text', CommandTimeout='30']
      SELECT [d].[Id], [d].[AuthMode], [d].[CreatedAt], [d].[DeviceName], [d].[IsActive], [d].[SerialNo], [d].[UpdatedAt]
      FROM [devices] AS [d]
      ORDER BY [d].[Id] DESC
info: Microsoft.EntityFrameworkCore.Database.Command[20101]
      Executed DbCommand (2ms) [Parameters=[@__model_SerialNo_0='?' (Size = 4000)], CommandType='Text', CommandTimeout='30']
      SELECT CASE
          WHEN EXISTS (
              SELECT 1
              FROM [devices] AS [d]
              WHERE [d].[SerialNo] = @__model_SerialNo_0) THEN CAST(1 AS bit)
          ELSE CAST(0 AS bit)
      END
info: Microsoft.EntityFrameworkCore.Database.Command[20101]
      Executed DbCommand (3ms) [Parameters=[@p0='?' (DbType = Int32), @p1='?' (DbType = DateTime2), @p2='?' (Size = 4000), @p3='?' (DbType = Boolean), @p4='?' (Size = 4000), @p5='?' (DbType = DateTime2)], CommandType='Text', CommandTimeout='30']
      SET IMPLICIT_TRANSACTIONS OFF;
      SET NOCOUNT ON;
      INSERT INTO [devices] ([AuthMode], [CreatedAt], [DeviceName], [IsActive], [SerialNo], [UpdatedAt])
      OUTPUT INSERTED.[Id]
      VALUES (@p0, @p1, @p2, @p3, @p4, @p5);
info: Microsoft.EntityFrameworkCore.Database.Command[20101]
      Executed DbCommand (1ms) [Parameters=[@p0='?' (Size = 4000), @p1='?' (DbType = DateTime2), @p2='?' (Size = 4000)], CommandType='Text', CommandTimeout='30']
      SET IMPLICIT_TRANSACTIONS OFF;
      SET NOCOUNT ON;
      INSERT INTO [device_logs] ([Action], [CreatedAt], [SerialNo])
      OUTPUT INSERTED.[Id]
      VALUES (@p0, @p1, @p2);
info: Microsoft.EntityFrameworkCore.Database.Command[20101]
      Executed DbCommand (1ms) [Parameters=[], CommandType='Text', CommandTimeout='30']
      SELECT [d].[Id], [d].[AuthMode], [d].[CreatedAt], [d].[DeviceName], [d].[IsActive], [d].[SerialNo], [d].[UpdatedAt]
      FROM [devices] AS [d]
      ORDER BY [d].[Id] DESC
info: Microsoft.EntityFrameworkCore.Database.Command[20101]
      Executed DbCommand (4ms) [Parameters=[@__id_0='?' (DbType = Int32)], CommandType='Text', CommandTimeout='30']
      SELECT TOP(1) [a].[id], [a].[created_at], [a].[password_hash], [a].[role], [a].[username]
      FROM [admin_users] AS [a]
      WHERE [a].[id] = @__id_0
info: Microsoft.EntityFrameworkCore.Database.Command[20101]
      Executed DbCommand (2ms) [Parameters=[@__id_0='?' (DbType = Int32)], CommandType='Text', CommandTimeout='30']
      SELECT TOP(1) [a].[id], [a].[created_at], [a].[password_hash], [a].[role], [a].[username]
      FROM [admin_users] AS [a]
      WHERE [a].[id] = @__id_0
info: Microsoft.EntityFrameworkCore.Database.Command[20101]
      Executed DbCommand (1ms) [Parameters=[], CommandType='Text', CommandTimeout='30']
      SELECT [a].[id], [a].[username], CASE
          WHEN [a].[role] = N'' THEN N'admin'
          ELSE [a].[role]
      END AS [role], [a].[created_at] AS [createdAt]
      FROM [admin_users] AS [a]
      ORDER BY [a].[id]
info: Microsoft.EntityFrameworkCore.Database.Command[20101]
      Executed DbCommand (3ms) [Parameters=[@__request_Username_0='?' (Size = 4000)], CommandType='Text', CommandTimeout='30']
      SELECT CASE
          WHEN EXISTS (
              SELECT 1
              FROM [admin_users] AS [a]
              WHERE [a].[username] = @__request_Username_0) THEN CAST(1 AS bit)
          ELSE CAST(0 AS bit)
      END
info: Microsoft.EntityFrameworkCore.Database.Command[20101]
      Executed DbCommand (4ms) [Parameters=[@p0='?' (DbType = DateTime2), @p1='?' (Size = 4000), @p2='?' (Size = 4000), @p3='?' (Size = 4000)], CommandType='Text', CommandTimeout='30']
      SET IMPLICIT_TRANSACTIONS OFF;
      SET NOCOUNT ON;
      INSERT INTO [admin_users] ([created_at], [password_hash], [role], [username])
      OUTPUT INSERTED.[id]
      VALUES (@p0, @p1, @p2, @p3);
info: Microsoft.EntityFrameworkCore.Database.Command[20101]
      Executed DbCommand (1ms) [Parameters=[@__id_0='?' (DbType = Int32)], CommandType='Text', CommandTimeout='30']
      SELECT TOP(1) [a].[id], [a].[created_at], [a].[password_hash], [a].[role], [a].[username]
      FROM [admin_users] AS [a]
      WHERE [a].[id] = @__id_0
info: Microsoft.EntityFrameworkCore.Database.Command[20101]
      Executed DbCommand (6ms) [Parameters=[@p2='?' (DbType = Int32), @p0='?' (Size = 4000), @p1='?' (Size = 4000)], CommandType='Text', CommandTimeout='30']
      SET IMPLICIT_TRANSACTIONS OFF;
      SET NOCOUNT ON;
      UPDATE [admin_users] SET [password_hash] = @p0, [role] = @p1
      OUTPUT 1
      WHERE [id] = @p2;
info: Microsoft.EntityFrameworkCore.Database.Command[20101]
      Executed DbCommand (0ms) [Parameters=[@__id_0='?' (DbType = Int32)], CommandType='Text', CommandTimeout='30']
      SELECT TOP(1) [a].[id], [a].[created_at], [a].[password_hash], [a].[role], [a].[username]
      FROM [admin_users] AS [a]
      WHERE [a].[id] = @__id_0
info: Microsoft.EntityFrameworkCore.Database.Command[20101]
      Executed DbCommand (5ms) [Parameters=[@p0='?' (DbType = Int32)], CommandType='Text', CommandTimeout='30']
      SET IMPLICIT_TRANSACTIONS OFF;
      SET NOCOUNT ON;
      DELETE FROM [admin_users]
      OUTPUT 1
      WHERE [id] = @p0;
info: Microsoft.EntityFrameworkCore.Database.Command[20101]
      Executed DbCommand (4ms) [Parameters=[@__request_Username_0='?' (Size = 4000)], CommandType='Text', CommandTimeout='30']
      SELECT TOP(1) [a].[id], [a].[created_at], [a].[password_hash], [a].[role], [a].[username]
      FROM [admin_users] AS [a]
      WHERE [a].[username] = @__request_Username_0
info: Microsoft.EntityFrameworkCore.Database.Command[20101]
      Executed DbCommand (1ms) [Parameters=[], CommandType='Text', CommandTimeout='30']
      SELECT [d].[Id], [d].[AuthMode], [d].[CreatedAt], [d].[DeviceName], [d].[IsActive], [d].[SerialNo], [d].[UpdatedAt]
      FROM [devices] AS [d]
      ORDER BY [d].[Id] DESC
info: Microsoft.EntityFrameworkCore.Database.Command[20101]
      Executed DbCommand (1ms) [Parameters=[], CommandType='Text', CommandTimeout='30']
      SELECT [d].[Id], [d].[AuthMode], [d].[CreatedAt], [d].[DeviceName], [d].[IsActive], [d].[SerialNo], [d].[UpdatedAt]
      FROM [devices] AS [d]
      ORDER BY [d].[Id] DESC
info: Microsoft.EntityFrameworkCore.Database.Command[20101]
      Executed DbCommand (0ms) [Parameters=[], CommandType='Text', CommandTimeout='30']
      SELECT [d].[Id], [d].[AuthMode], [d].[CreatedAt], [d].[DeviceName], [d].[IsActive], [d].[SerialNo], [d].[UpdatedAt]
      FROM [devices] AS [d]
      ORDER BY [d].[Id] DESC
info: Microsoft.EntityFrameworkCore.Database.Command[20101]
      Executed DbCommand (3ms) [Parameters=[], CommandType='Text', CommandTimeout='30']
      SELECT [a].[id], [a].[username], CASE
          WHEN [a].[role] = N'' THEN N'admin'
          ELSE [a].[role]
      END AS [role], [a].[created_at] AS [createdAt]
      FROM [admin_users] AS [a]
      ORDER BY [a].[id]
info: Microsoft.EntityFrameworkCore.Database.Command[20101]
      Executed DbCommand (3ms) [Parameters=[@__request_Username_0='?' (Size = 4000)], CommandType='Text', CommandTimeout='30']
      SELECT CASE
          WHEN EXISTS (
              SELECT 1
              FROM [admin_users] AS [a]
              WHERE [a].[username] = @__request_Username_0) THEN CAST(1 AS bit)
          ELSE CAST(0 AS bit)
      END
info: Microsoft.EntityFrameworkCore.Database.Command[20101]
      Executed DbCommand (0ms) [Parameters=[@__request_Username_0='?' (Size = 4000)], CommandType='Text', CommandTimeout='30']
      SELECT CASE
          WHEN EXISTS (
              SELECT 1
              FROM [admin_users] AS [a]
              WHERE [a].[username] = @__request_Username_0) THEN CAST(1 AS bit)
          ELSE CAST(0 AS bit)
      END
info: Microsoft.EntityFrameworkCore.Database.Command[20101]
      Executed DbCommand (3ms) [Parameters=[@p0='?' (DbType = DateTime2), @p1='?' (Size = 4000), @p2='?' (Size = 4000), @p3='?' (Size = 4000)], CommandType='Text', CommandTimeout='30']
      SET IMPLICIT_TRANSACTIONS OFF;
      SET NOCOUNT ON;
      INSERT INTO [admin_users] ([created_at], [password_hash], [role], [username])
      OUTPUT INSERTED.[id]
      VALUES (@p0, @p1, @p2, @p3);
info: Microsoft.EntityFrameworkCore.Database.Command[20101]
      Executed DbCommand (2ms) [Parameters=[@__id_0='?' (DbType = Int32)], CommandType='Text', CommandTimeout='30']
      SELECT TOP(1) [a].[id], [a].[created_at], [a].[password_hash], [a].[role], [a].[username]
      FROM [admin_users] AS [a]
      WHERE [a].[id] = @__id_0
info: Microsoft.EntityFrameworkCore.Database.Command[20101]
      Executed DbCommand (23ms) [Parameters=[@p1='?' (DbType = Int32), @p0='?' (Size = 4000)], CommandType='Text', CommandTimeout='30']
      SET IMPLICIT_TRANSACTIONS OFF;
      SET NOCOUNT ON;
      UPDATE [admin_users] SET [role] = @p0
      OUTPUT 1
      WHERE [id] = @p1;
info: Microsoft.EntityFrameworkCore.Database.Command[20101]
      Executed DbCommand (0ms) [Parameters=[@__id_0='?' (DbType = Int32)], CommandType='Text', CommandTimeout='30']
      SELECT TOP(1) [a].[id], [a].[created_at], [a].[password_hash], [a].[role], [a].[username]
      FROM [admin_users] AS [a]
      WHERE [a].[id] = @__id_0
info: Microsoft.EntityFrameworkCore.Database.Command[20101]
      Executed DbCommand (2ms) [Parameters=[@p0='?' (DbType = Int32)], CommandType='Text', CommandTimeout='30']
      SET IMPLICIT_TRANSACTIONS OFF;
      SET NOCOUNT ON;
      DELETE FROM [admin_users]
      OUTPUT 1
      WHERE [id] = @p0;
info: Microsoft.EntityFrameworkCore.Database.Command[20101]
      Executed DbCommand (2ms) [Parameters=[], CommandType='Text', CommandTimeout='30']
      SELECT [d].[Id], [d].[AuthMode], [d].[CreatedAt], [d].[DeviceName], [d].[IsActive], [d].[SerialNo], [d].[UpdatedAt]
      FROM [devices] AS [d]
      ORDER BY [d].[Id] DESC
